androidBuild/unityLibrary/AgoraRtcEngineKit.plugin/build/outputs/logs/manifest-merger-debug-report.txt
-- Merging decision tree log ---
manifest
ADDED from unityLibrary/AgoraRtcEngineKit.plugin/AndroidManifest.xml:2:1-19:12
INJECTED from unityLibrary/AgoraRtcEngineKit.plugin/AndroidManifest.xml:2:1-19:12
INJECTED from unityLibrary/AgoraRtcEngineKit.plugin/AndroidManifest.xml:2:1-19:12
INJECTED from unityLibrary/AgoraRtcEngineKit.plugin/AndroidManifest.xml:2:1-19:12
INJECTED from unityLibrary/AgoraRtcEngineKit.plugin/AndroidManifest.xml:2:1-19:12
INJECTED from unityLibrary/AgoraRtcEngineKit.plugin/AndroidManifest.xml:2:1-19:12
INJECTED from unityLibrary/AgoraRtcEngineKit.plugin/AndroidManifest.xml:2:1-19:12
	package
		ADDED from unityLibrary/AgoraRtcEngineKit.plugin/AndroidManifest.xml:3:11-48
		INJECTED from unityLibrary/AgoraRtcEngineKit.plugin/AndroidManifest.xml
		INJECTED from unityLibrary/AgoraRtcEngineKit.plugin/AndroidManifest.xml
	android:versionName
		ADDED from unityLibrary/AgoraRtcEngineKit.plugin/AndroidManifest.xml:5:11-36
		INJECTED from unityLibrary/AgoraRtcEngineKit.plugin/AndroidManifest.xml
		INJECTED from unityLibrary/AgoraRtcEngineKit.plugin/AndroidManifest.xml
	xmlns:android
		ADDED from unityLibrary/AgoraRtcEngineKit.plugin/AndroidManifest.xml:2:11-69
	android:versionCode
		ADDED from unityLibrary/AgoraRtcEngineKit.plugin/AndroidManifest.xml:4:11-34
		INJECTED from unityLibrary/AgoraRtcEngineKit.plugin/AndroidManifest.xml
		INJECTED from unityLibrary/AgoraRtcEngineKit.plugin/AndroidManifest.xml
uses-permission#android.permission.INTERNET
ADDED from unityLibrary/AgoraRtcEngineKit.plugin/AndroidManifest.xml:7:5-67
	android:name
		ADDED from unityLibrary/AgoraRtcEngineKit.plugin/AndroidManifest.xml:7:22-64
uses-permission#android.permission.RECORD_AUDIO
ADDED from unityLibrary/AgoraRtcEngineKit.plugin/AndroidManifest.xml:8:5-71
	android:name
		ADDED from unityLibrary/AgoraRtcEngineKit.plugin/AndroidManifest.xml:8:22-68
uses-permission#android.permission.CAMERA
ADDED from unityLibrary/AgoraRtcEngineKit.plugin/AndroidManifest.xml:9:5-65
	android:name
		ADDED from unityLibrary/AgoraRtcEngineKit.plugin/AndroidManifest.xml:9:22-62
uses-permission#android.permission.BLUETOOTH
ADDED from unityLibrary/AgoraRtcEngineKit.plugin/AndroidManifest.xml:10:5-68
	android:name
		ADDED from unityLibrary/AgoraRtcEngineKit.plugin/AndroidManifest.xml:10:22-65
uses-permission#android.permission.MODIFY_AUDIO_SETTINGS
ADDED from unityLibrary/AgoraRtcEngineKit.plugin/AndroidManifest.xml:11:5-80
	android:name
		ADDED from unityLibrary/AgoraRtcEngineKit.plugin/AndroidManifest.xml:11:22-77
uses-permission#android.permission.ACCESS_NETWORK_STATE
ADDED from unityLibrary/AgoraRtcEngineKit.plugin/AndroidManifest.xml:12:5-79
	android:name
		ADDED from unityLibrary/AgoraRtcEngineKit.plugin/AndroidManifest.xml:12:22-76
uses-permission#android.permission.ACCESS_WIFI_STATE
ADDED from unityLibrary/AgoraRtcEngineKit.plugin/AndroidManifest.xml:13:5-76
	android:name
		ADDED from unityLibrary/AgoraRtcEngineKit.plugin/AndroidManifest.xml:13:22-73
uses-permission#android.permission.WAKE_LOCK
ADDED from unityLibrary/AgoraRtcEngineKit.plugin/AndroidManifest.xml:14:5-68
	android:name
		ADDED from unityLibrary/AgoraRtcEngineKit.plugin/AndroidManifest.xml:14:22-65
uses-permission#android.permission.WRITE_EXTERNAL_STORAGE
ADDED from unityLibrary/AgoraRtcEngineKit.plugin/AndroidManifest.xml:15:5-81
	android:name
		ADDED from unityLibrary/AgoraRtcEngineKit.plugin/AndroidManifest.xml:15:22-78
uses-permission#android.permission.READ_PHONE_STATE
ADDED from unityLibrary/AgoraRtcEngineKit.plugin/AndroidManifest.xml:16:5-75
	android:name
		ADDED from unityLibrary/AgoraRtcEngineKit.plugin/AndroidManifest.xml:16:22-72
uses-permission#android.permission.READ_LOGS
ADDED from unityLibrary/AgoraRtcEngineKit.plugin/AndroidManifest.xml:17:5-68
	android:name
		ADDED from unityLibrary/AgoraRtcEngineKit.plugin/AndroidManifest.xml:17:22-65
uses-sdk
INJECTED from unityLibrary/AgoraRtcEngineKit.plugin/AndroidManifest.xml reason: use-sdk injection requested
INJECTED from unityLibrary/AgoraRtcEngineKit.plugin/AndroidManifest.xml
INJECTED from unityLibrary/AgoraRtcEngineKit.plugin/AndroidManifest.xml
	android:targetSdkVersion
		INJECTED from unityLibrary/AgoraRtcEngineKit.plugin/AndroidManifest.xml
		ADDED from unityLibrary/AgoraRtcEngineKit.plugin/AndroidManifest.xml
		INJECTED from unityLibrary/AgoraRtcEngineKit.plugin/AndroidManifest.xml